<?xml version="1.0" encoding="UTF-8"?>
<!-- Generated by org.testng.reporters.JUnitXMLReporter -->
<testsuite ignored="8" hostname="ADITYA_KITTU" failures="0" tests="5" name="ChromeTest" time="16.145" errors="0" timestamp="2025-08-23T18:17:46 IST">
  <testcase classname="testCases.registerAnAccount" name="CreateUser" time="4.391"/>
  <testcase classname="testCases.logOutTest" name="logOutTest" time="1.479"/>
  <testcase classname="testCases.loginTest" name="loginTest" time="2.708"/>
  <testcase classname="testCases.searchAndAddtoWishlistaProduct" name="searchandaddtowishlist" time="2.235"/>
  <testcase classname="testCases.addToWishlist" name="AddtoWishList" time="1.086"/>
  <testcase classname="testBase.baseClass" name="@AfterTest TearDown" time="0.0">
    <ignored/>
  </testcase> <!-- @AfterTest TearDown -->
  <testcase classname="testBase.baseClass" name="@AfterTest TearDown" time="0.0">
    <ignored/>
  </testcase> <!-- @AfterTest TearDown -->
  <testcase classname="testBase.baseClass" name="@BeforeTest setUp" time="0.0">
    <ignored/>
  </testcase> <!-- @BeforeTest setUp -->
  <testcase classname="testBase.baseClass" name="@BeforeTest setUp" time="0.0">
    <ignored/>
  </testcase> <!-- @BeforeTest setUp -->
  <testcase classname="testBase.baseClass" name="@BeforeTest setUp" time="0.0">
    <ignored/>
  </testcase> <!-- @BeforeTest setUp -->
  <testcase classname="testBase.baseClass" name="@AfterTest TearDown" time="0.0">
    <ignored/>
  </testcase> <!-- @AfterTest TearDown -->
  <testcase classname="testBase.baseClass" name="@BeforeTest setUp" time="0.0">
    <ignored/>
  </testcase> <!-- @BeforeTest setUp -->
  <testcase classname="testBase.baseClass" name="@AfterTest TearDown" time="0.0">
    <ignored/>
  </testcase> <!-- @AfterTest TearDown -->
</testsuite> <!-- ChromeTest -->
