<?xml version="1.0" encoding="UTF-8"?>
<!-- Generated by org.testng.reporters.JUnitXMLReporter -->
<testsuite ignored="6" hostname="ADITYA_KITTU" failures="0" tests="4" name="EdgeTest" time="2.841" errors="0" timestamp="2025-07-18T23:28:09 IST">
  <testcase classname="testCases.registerAnAccount" name="CreateUser" time="0.0">
    <skipped/>
  </testcase> <!-- CreateUser -->
  <testcase classname="testCases.logOutTest" name="logOutTest" time="0.0">
    <skipped/>
  </testcase> <!-- logOutTest -->
  <testcase classname="testCases.loginTest" name="loginTest" time="0.0">
    <skipped/>
  </testcase> <!-- loginTest -->
  <testcase classname="testCases.searchAndAddtoWishlistaProduct" name="searchandaddtowishlist" time="0.0">
    <skipped/>
  </testcase> <!-- searchandaddtowishlist -->
  <testcase classname="testBase.baseClass" name="@BeforeTest setUp" time="0.0">
    <ignored/>
  </testcase> <!-- @BeforeTest setUp -->
  <testcase classname="testBase.baseClass" name="@AfterTest TearDown" time="0.0">
    <ignored/>
  </testcase> <!-- @AfterTest TearDown -->
  <testcase classname="testBase.baseClass" name="@AfterTest TearDown" time="0.0">
    <ignored/>
  </testcase> <!-- @AfterTest TearDown -->
  <testcase classname="testBase.baseClass" name="@AfterTest TearDown" time="0.0">
    <ignored/>
  </testcase> <!-- @AfterTest TearDown -->
  <testcase classname="testBase.baseClass" name="@BeforeTest setUp" time="0.0">
    <ignored/>
  </testcase> <!-- @BeforeTest setUp -->
  <testcase classname="testBase.baseClass" name="@BeforeTest setUp" time="0.0">
    <ignored/>
  </testcase> <!-- @BeforeTest setUp -->
</testsuite> <!-- EdgeTest -->
