<?xml version="1.0" encoding="UTF-8"?>
<!-- Generated by org.testng.reporters.JUnitXMLReporter -->
<testsuite ignored="4" hostname="ADITYA_KITTU" failures="0" tests="3" name="Test" time="18.982" errors="0" timestamp="2025-07-13T17:44:42 IST">
  <testcase classname="testCases.registerAnAccount" name="CreateUser" time="3.314"/>
  <testcase classname="testCases.logOutTest" name="logOutTest" time="2.815"/>
  <testcase classname="testCases.loginTest" name="loginTest" time="2.466"/>
  <testcase classname="testBase.baseClass" name="@AfterTest TearDown" time="0.0">
    <ignored/>
  </testcase> <!-- @AfterTest TearDown -->
  <testcase classname="testBase.baseClass" name="@BeforeTest setUp" time="0.0">
    <ignored/>
  </testcase> <!-- @BeforeTest setUp -->
  <testcase classname="testBase.baseClass" name="@AfterTest TearDown" time="0.0">
    <ignored/>
  </testcase> <!-- @AfterTest TearDown -->
  <testcase classname="testBase.baseClass" name="@BeforeTest setUp" time="0.0">
    <ignored/>
  </testcase> <!-- @BeforeTest setUp -->
</testsuite> <!-- Test -->
