<?xml version="1.0" encoding="UTF-8"?>
<!-- Generated by org.testng.reporters.JUnitXMLReporter -->
<testsuite ignored="4" hostname="ADITYA_KITTU" failures="0" tests="3" name="Test" time="14.372" errors="0" timestamp="2025-07-27T15:12:35 IST">
  <testcase classname="testCases.loginTest" name="loginTest" time="2.329"/>
  <testcase classname="testCases.searchAndAddtoWishlistaProduct" name="searchandaddtowishlist" time="5.059"/>
  <testcase classname="testCases.addToWishlist" name="AddtoWishList" time="1.097"/>
  <testcase classname="testBase.baseClass" name="@AfterTest TearDown" time="0.0">
    <ignored/>
  </testcase> <!-- @AfterTest TearDown -->
  <testcase classname="testBase.baseClass" name="@BeforeTest setUp" time="0.0">
    <ignored/>
  </testcase> <!-- @BeforeTest setUp -->
  <testcase classname="testBase.baseClass" name="@BeforeTest setUp" time="0.0">
    <ignored/>
  </testcase> <!-- @BeforeTest setUp -->
  <testcase classname="testBase.baseClass" name="@AfterTest TearDown" time="0.0">
    <ignored/>
  </testcase> <!-- @AfterTest TearDown -->
</testsuite> <!-- Test -->
