<?xml version="1.0" encoding="UTF-8"?>
<testng-results ignored="0" total="5" passed="5" failed="0" skipped="0">
  <reporter-output>
  </reporter-output>
  <suite started-at="2025-08-08T02:16:46 IST" name="CrossBrowserSuite" finished-at="2025-08-08T02:17:00 IST" duration-ms="14101">
    <groups>
    </groups>
    <test started-at="2025-08-08T02:16:46 IST" name="ChromeTest" finished-at="2025-08-08T02:17:00 IST" duration-ms="14101">
      <class name="testCases.registerAnAccount">
        <test-method is-config="true" signature="setUp(java.lang.String)[pri:0, instance:testCases.registerAnAccount@35841320]" started-at="2025-08-08T02:16:46 IST" name="setUp" finished-at="2025-08-08T02:16:49 IST" duration-ms="2622" status="PASS">
          <params>
            <param index="0">
              <value>
                <![CDATA[chrome]]>
              </value>
            </param>
          </params>
          <reporter-output>
          </reporter-output>
        </test-method> <!-- setUp -->
        <test-method signature="CreateUser()[pri:0, instance:testCases.registerAnAccount@35841320]" started-at="2025-08-08T02:16:49 IST" name="CreateUser" finished-at="2025-08-08T02:16:53 IST" duration-ms="3608" status="PASS">
          <reporter-output>
          </reporter-output>
        </test-method> <!-- CreateUser -->
        <test-method is-config="true" signature="TearDown()[pri:0, instance:testCases.registerAnAccount@35841320]" started-at="2025-08-08T02:17:00 IST" name="TearDown" finished-at="2025-08-08T02:17:00 IST" duration-ms="326" status="PASS">
          <reporter-output>
          </reporter-output>
        </test-method> <!-- TearDown -->
      </class> <!-- testCases.registerAnAccount -->
      <class name="testCases.searchAndAddtoWishlistaProduct">
        <test-method signature="searchandaddtowishlist()[pri:0, instance:testCases.searchAndAddtoWishlistaProduct@47caedad]" started-at="2025-08-08T02:16:57 IST" name="searchandaddtowishlist" finished-at="2025-08-08T02:16:59 IST" duration-ms="2671" status="PASS">
          <reporter-output>
          </reporter-output>
        </test-method> <!-- searchandaddtowishlist -->
      </class> <!-- testCases.searchAndAddtoWishlistaProduct -->
      <class name="testCases.loginTest">
        <test-method signature="loginTest()[pri:0, instance:testCases.loginTest@5340477f]" started-at="2025-08-08T02:16:54 IST" name="loginTest" finished-at="2025-08-08T02:16:57 IST" duration-ms="2577" status="PASS">
          <reporter-output>
          </reporter-output>
        </test-method> <!-- loginTest -->
      </class> <!-- testCases.loginTest -->
      <class name="testCases.addToWishlist">
        <test-method signature="AddtoWishList()[pri:0, instance:testCases.addToWishlist@7139992f]" started-at="2025-08-08T02:16:59 IST" name="AddtoWishList" finished-at="2025-08-08T02:17:00 IST" duration-ms="918" status="PASS">
          <reporter-output>
          </reporter-output>
        </test-method> <!-- AddtoWishList -->
      </class> <!-- testCases.addToWishlist -->
      <class name="testCases.logOutTest">
        <test-method signature="logOutTest()[pri:0, instance:testCases.logOutTest@2a693f59]" started-at="2025-08-08T02:16:53 IST" name="logOutTest" finished-at="2025-08-08T02:16:54 IST" duration-ms="1146" status="PASS">
          <reporter-output>
          </reporter-output>
        </test-method> <!-- logOutTest -->
      </class> <!-- testCases.logOutTest -->
    </test> <!-- ChromeTest -->
  </suite> <!-- CrossBrowserSuite -->
</testng-results>
