<?xml version="1.0" encoding="UTF-8"?>
<testng-results ignored="0" total="5" passed="5" failed="0" skipped="0">
  <reporter-output>
  </reporter-output>
  <suite started-at="2025-08-01T22:32:35 IST" name="Suite" finished-at="2025-08-01T22:32:51 IST" duration-ms="15805">
    <groups>
    </groups>
    <test started-at="2025-08-01T22:32:35 IST" name="Test" finished-at="2025-08-01T22:32:51 IST" duration-ms="15805">
      <class name="testCases.registerAnAccount">
        <test-method is-config="true" signature="setUp(java.lang.String)[pri:0, instance:testCases.registerAnAccount@c430e6c]" started-at="2025-08-01T22:32:35 IST" name="setUp" finished-at="2025-08-01T22:32:38 IST" duration-ms="2555" status="PASS">
          <params>
            <param index="0">
              <value>
                <![CDATA[edge]]>
              </value>
            </param>
          </params>
          <reporter-output>
          </reporter-output>
        </test-method> <!-- setUp -->
        <test-method signature="CreateUser()[pri:0, instance:testCases.registerAnAccount@c430e6c]" started-at="2025-08-01T22:32:38 IST" name="CreateUser" finished-at="2025-08-01T22:32:42 IST" duration-ms="3691" status="PASS">
          <reporter-output>
          </reporter-output>
        </test-method> <!-- CreateUser -->
        <test-method is-config="true" signature="TearDown()[pri:0, instance:testCases.registerAnAccount@c430e6c]" started-at="2025-08-01T22:32:51 IST" name="TearDown" finished-at="2025-08-01T22:32:51 IST" duration-ms="341" status="PASS">
          <reporter-output>
          </reporter-output>
        </test-method> <!-- TearDown -->
      </class> <!-- testCases.registerAnAccount -->
      <class name="testCases.searchAndAddtoWishlistaProduct">
        <test-method signature="searchandaddtowishlist()[pri:0, instance:testCases.searchAndAddtoWishlistaProduct@6c4906d3]" started-at="2025-08-01T22:32:46 IST" name="searchandaddtowishlist" finished-at="2025-08-01T22:32:50 IST" duration-ms="4311" status="PASS">
          <reporter-output>
          </reporter-output>
        </test-method> <!-- searchandaddtowishlist -->
      </class> <!-- testCases.searchAndAddtoWishlistaProduct -->
      <class name="testCases.loginTest">
        <test-method signature="loginTest()[pri:0, instance:testCases.loginTest@4bdeaabb]" started-at="2025-08-01T22:32:43 IST" name="loginTest" finished-at="2025-08-01T22:32:46 IST" duration-ms="2679" status="PASS">
          <reporter-output>
          </reporter-output>
        </test-method> <!-- loginTest -->
      </class> <!-- testCases.loginTest -->
      <class name="testCases.addToWishlist">
        <test-method signature="AddtoWishList()[pri:0, instance:testCases.addToWishlist@65987993]" started-at="2025-08-01T22:32:50 IST" name="AddtoWishList" finished-at="2025-08-01T22:32:51 IST" duration-ms="671" status="PASS">
          <reporter-output>
          </reporter-output>
        </test-method> <!-- AddtoWishList -->
      </class> <!-- testCases.addToWishlist -->
      <class name="testCases.logOutTest">
        <test-method signature="logOutTest()[pri:0, instance:testCases.logOutTest@5a59ca5e]" started-at="2025-08-01T22:32:42 IST" name="logOutTest" finished-at="2025-08-01T22:32:43 IST" duration-ms="1307" status="PASS">
          <reporter-output>
          </reporter-output>
        </test-method> <!-- logOutTest -->
      </class> <!-- testCases.logOutTest -->
    </test> <!-- Test -->
  </suite> <!-- Suite -->
</testng-results>
