<?xml version="1.0" encoding="UTF-8"?>
<testsuite xmlns:xsi="http://www.w3.org/2001/XMLSchema-instance" xsi:noNamespaceSchemaLocation="https://maven.apache.org/surefire/maven-surefire-plugin/xsd/surefire-test-report.xsd" version="3.0.2" name="TestSuite" time="41.815" tests="15" errors="0" skipped="0" failures="0">
  <properties>
[...]
</properties>
  <testcase name="CreateUser" classname="testCases.registerAnAccount" time="2.431">
    <system-out><![CDATA[true
]]></system-out>
    <system-err><![CDATA[SLF4J(W): No SLF4J providers were found.
SLF4J(W): Defaulting to no-operation (NOP) logger implementation
SLF4J(W): See https://www.slf4j.org/codes.html#noProviders for further details.
]]></system-err>
  </testcase>
  <testcase name="CreateUser" classname="testCases.registerAnAccount" time="1.894">
    <system-out><![CDATA[true
]]></system-out>
  </testcase>
  <testcase name="CreateUser" classname="testCases.registerAnAccount" time="2.106">
    <system-out><![CDATA[true
]]></system-out>
  </testcase>
  <testcase name="logOutTest" classname="testCases.logOutTest" time="0.811"/>
  <testcase name="logOutTest" classname="testCases.logOutTest" time="0.931"/>
  <testcase name="logOutTest" classname="testCases.logOutTest" time="0.829"/>
  <testcase name="loginTest" classname="testCases.loginTest" time="1.75"/>
  <testcase name="loginTest" classname="testCases.loginTest" time="1.283"/>
  <testcase name="loginTest" classname="testCases.loginTest" time="1.551"/>
  <testcase name="searchandaddtowishlist" classname="testCases.searchAndAddtoWishlistaProduct" time="4.165"/>
  <testcase name="searchandaddtowishlist" classname="testCases.searchAndAddtoWishlistaProduct" time="3.731"/>
  <testcase name="searchandaddtowishlist" classname="testCases.searchAndAddtoWishlistaProduct" time="3.885"/>
  <testcase name="AddtoWishList" classname="testCases.addToWishlist" time="0.609"/>
  <testcase name="AddtoWishList" classname="testCases.addToWishlist" time="0.643"/>
  <testcase name="AddtoWishList" classname="testCases.addToWishlist" time="0.508"/>
</testsuite>