<?xml version="1.0" encoding="UTF-8"?>
<testng-results ignored="0" total="5" passed="5" failed="0" skipped="0">
  <reporter-output>
  </reporter-output>
  <suite started-at="2025-08-09T23:54:47 IST" name="CrossBrowserSuite" finished-at="2025-08-09T23:55:06 IST" duration-ms="19175">
    <groups>
    </groups>
    <test started-at="2025-08-09T23:54:47 IST" name="ChromeTest" finished-at="2025-08-09T23:55:06 IST" duration-ms="19175">
      <class name="testCases.registerAnAccount">
        <test-method is-config="true" signature="setUp(java.lang.String)[pri:0, instance:testCases.registerAnAccount@5e3f861]" started-at="2025-08-09T23:54:47 IST" name="setUp" finished-at="2025-08-09T23:54:52 IST" duration-ms="4903" status="PASS">
          <params>
            <param index="0">
              <value>
                <![CDATA[chrome]]>
              </value>
            </param>
          </params>
          <reporter-output>
          </reporter-output>
        </test-method> <!-- setUp -->
        <test-method signature="CreateUser()[pri:0, instance:testCases.registerAnAccount@5e3f861]" started-at="2025-08-09T23:54:52 IST" name="CreateUser" finished-at="2025-08-09T23:54:55 IST" duration-ms="3483" status="PASS">
          <reporter-output>
          </reporter-output>
        </test-method> <!-- CreateUser -->
        <test-method is-config="true" signature="TearDown()[pri:0, instance:testCases.registerAnAccount@5e3f861]" started-at="2025-08-09T23:55:06 IST" name="TearDown" finished-at="2025-08-09T23:55:06 IST" duration-ms="319" status="PASS">
          <reporter-output>
          </reporter-output>
        </test-method> <!-- TearDown -->
      </class> <!-- testCases.registerAnAccount -->
      <class name="testCases.searchAndAddtoWishlistaProduct">
        <test-method signature="searchandaddtowishlist()[pri:0, instance:testCases.searchAndAddtoWishlistaProduct@51bf5add]" started-at="2025-08-09T23:55:00 IST" name="searchandaddtowishlist" finished-at="2025-08-09T23:55:04 IST" duration-ms="4508" status="PASS">
          <reporter-output>
          </reporter-output>
        </test-method> <!-- searchandaddtowishlist -->
      </class> <!-- testCases.searchAndAddtoWishlistaProduct -->
      <class name="testCases.loginTest">
        <test-method signature="loginTest()[pri:0, instance:testCases.loginTest@163370c2]" started-at="2025-08-09T23:54:57 IST" name="loginTest" finished-at="2025-08-09T23:55:00 IST" duration-ms="2840" status="PASS">
          <reporter-output>
          </reporter-output>
        </test-method> <!-- loginTest -->
      </class> <!-- testCases.loginTest -->
      <class name="testCases.addToWishlist">
        <test-method signature="AddtoWishList()[pri:0, instance:testCases.addToWishlist@7905a0b8]" started-at="2025-08-09T23:55:04 IST" name="AddtoWishList" finished-at="2025-08-09T23:55:06 IST" duration-ms="1279" status="PASS">
          <reporter-output>
          </reporter-output>
        </test-method> <!-- AddtoWishList -->
      </class> <!-- testCases.addToWishlist -->
      <class name="testCases.logOutTest">
        <test-method signature="logOutTest()[pri:0, instance:testCases.logOutTest@311bf055]" started-at="2025-08-09T23:54:55 IST" name="logOutTest" finished-at="2025-08-09T23:54:57 IST" duration-ms="1591" status="PASS">
          <reporter-output>
          </reporter-output>
        </test-method> <!-- logOutTest -->
      </class> <!-- testCases.logOutTest -->
    </test> <!-- ChromeTest -->
  </suite> <!-- CrossBrowserSuite -->
</testng-results>
