<?xml version="1.0" encoding="UTF-8"?>
<testng-results ignored="0" total="1" passed="1" failed="0" skipped="0">
  <reporter-output>
  </reporter-output>
  <suite started-at="2025-07-06T22:10:36 IST" name="Default suite" finished-at="2025-07-06T22:10:47 IST" duration-ms="10292">
    <groups>
    </groups>
    <test started-at="2025-07-06T22:10:36 IST" name="Default test" finished-at="2025-07-06T22:10:47 IST" duration-ms="10292">
      <class name="testCases.registerAnAccount">
        <test-method is-config="true" signature="setUp()[pri:0, instance:testCases.registerAnAccount@31190526]" started-at="2025-07-06T22:10:36 IST" name="setUp" finished-at="2025-07-06T22:10:42 IST" duration-ms="5923" status="PASS">
          <reporter-output>
          </reporter-output>
        </test-method> <!-- setUp -->
        <test-method signature="CreateUser()[pri:0, instance:testCases.registerAnAccount@31190526]" started-at="2025-07-06T22:10:42 IST" name="CreateUser" finished-at="2025-07-06T22:10:46 IST" duration-ms="4056" status="PASS">
          <reporter-output>
          </reporter-output>
        </test-method> <!-- CreateUser -->
        <test-method is-config="true" signature="TearDown()[pri:0, instance:testCases.registerAnAccount@31190526]" started-at="2025-07-06T22:10:46 IST" name="TearDown" finished-at="2025-07-06T22:10:47 IST" duration-ms="252" status="PASS">
          <reporter-output>
          </reporter-output>
        </test-method> <!-- TearDown -->
      </class> <!-- testCases.registerAnAccount -->
    </test> <!-- Default test -->
  </suite> <!-- Default suite -->
</testng-results>
