<?xml version="1.0" encoding="UTF-8"?>
<!-- Generated by org.testng.reporters.JUnitXMLReporter -->
<testsuite ignored="8" hostname="ADITYA_KITTU" failures="0" tests="5" name="FirefoxTest" time="15.023" errors="0" timestamp="2025-08-02T14:19:53 IST">
  <testcase classname="testCases.registerAnAccount" name="CreateUser" time="2.702"/>
  <testcase classname="testCases.logOutTest" name="logOutTest" time="1.117"/>
  <testcase classname="testCases.loginTest" name="loginTest" time="2.031"/>
  <testcase classname="testCases.searchAndAddtoWishlistaProduct" name="searchandaddtowishlist" time="2.018"/>
  <testcase classname="testCases.addToWishlist" name="AddtoWishList" time="0.497"/>
  <testcase classname="testBase.baseClass" name="@AfterTest TearDown" time="0.0">
    <ignored/>
  </testcase> <!-- @AfterTest TearDown -->
  <testcase classname="testBase.baseClass" name="@BeforeTest setUp" time="0.0">
    <ignored/>
  </testcase> <!-- @BeforeTest setUp -->
  <testcase classname="testBase.baseClass" name="@AfterTest TearDown" time="0.0">
    <ignored/>
  </testcase> <!-- @AfterTest TearDown -->
  <testcase classname="testBase.baseClass" name="@BeforeTest setUp" time="0.0">
    <ignored/>
  </testcase> <!-- @BeforeTest setUp -->
  <testcase classname="testBase.baseClass" name="@BeforeTest setUp" time="0.0">
    <ignored/>
  </testcase> <!-- @BeforeTest setUp -->
  <testcase classname="testBase.baseClass" name="@AfterTest TearDown" time="0.0">
    <ignored/>
  </testcase> <!-- @AfterTest TearDown -->
  <testcase classname="testBase.baseClass" name="@BeforeTest setUp" time="0.0">
    <ignored/>
  </testcase> <!-- @BeforeTest setUp -->
  <testcase classname="testBase.baseClass" name="@AfterTest TearDown" time="0.0">
    <ignored/>
  </testcase> <!-- @AfterTest TearDown -->
</testsuite> <!-- FirefoxTest -->
